Using pre-set license
Built from '2022.3/staging' branch; Version is '2022.3.25f1 (530ae0ba3889) revision 5442272'; Using compiler version '192829333'; Build Type 'Release'
OS: 'Windows 11  (10.0.22631) 64bit CoreSingleLanguage' Language: 'en' Physical Memory: 16225 MB
BatchMode: 1, IsHumanControllingUs: 0, StartBugReporterOnCrash: 0, Is64bit: 1, IsPro: 1

COMMAND LINE ARGUMENTS:
C:\Program Files\Unity\Hub\Editor\2022.3.25f1\Editor\Unity.exe
-adb2
-batchMode
-noUpm
-name
AssetImportWorker5
-projectPath
D:/21-4-24 Backup/Tilemap
-logFile
Logs/AssetImportWorker5.log
-srvPort
51775
Successfully changed project path to: D:/21-4-24 Backup/Tilemap
D:/21-4-24 Backup/Tilemap
[UnityMemory] Configuration Parameters - Can be set up in boot.config
    "memorysetup-bucket-allocator-granularity=16"
    "memorysetup-bucket-allocator-bucket-count=8"
    "memorysetup-bucket-allocator-block-size=33554432"
    "memorysetup-bucket-allocator-block-count=8"
    "memorysetup-main-allocator-block-size=16777216"
    "memorysetup-thread-allocator-block-size=16777216"
    "memorysetup-gfx-main-allocator-block-size=16777216"
    "memorysetup-gfx-thread-allocator-block-size=16777216"
    "memorysetup-cache-allocator-block-size=4194304"
    "memorysetup-typetree-allocator-block-size=2097152"
    "memorysetup-profiler-bucket-allocator-granularity=16"
    "memorysetup-profiler-bucket-allocator-bucket-count=8"
    "memorysetup-profiler-bucket-allocator-block-size=33554432"
    "memorysetup-profiler-bucket-allocator-block-count=8"
    "memorysetup-profiler-allocator-block-size=16777216"
    "memorysetup-profiler-editor-allocator-block-size=1048576"
    "memorysetup-temp-allocator-size-main=16777216"
    "memorysetup-job-temp-allocator-block-size=2097152"
    "memorysetup-job-temp-allocator-block-size-background=1048576"
    "memorysetup-job-temp-allocator-reduction-small-platforms=262144"
    "memorysetup-allocator-temp-initial-block-size-main=262144"
    "memorysetup-allocator-temp-initial-block-size-worker=262144"
    "memorysetup-temp-allocator-size-background-worker=32768"
    "memorysetup-temp-allocator-size-job-worker=262144"
    "memorysetup-temp-allocator-size-preload-manager=33554432"
    "memorysetup-temp-allocator-size-nav-mesh-worker=65536"
    "memorysetup-temp-allocator-size-audio-worker=65536"
    "memorysetup-temp-allocator-size-cloud-worker=32768"
    "memorysetup-temp-allocator-size-gi-baking-worker=262144"
    "memorysetup-temp-allocator-size-gfx=262144"
Player connection [5344] Host "[IP] 192.168.56.1 [Port] 0 [Flags] 2 [Guid] 339537892 [EditorId] 339537892 [Version] 1048832 [Id] WindowsEditor(7,Adi) [Debug] 1 [PackageName] WindowsEditor [ProjectName] Editor" joined multi-casting on [225.0.0.222:54997]...

Player connection [5344] Host "[IP] 192.168.56.1 [Port] 0 [Flags] 2 [Guid] 339537892 [EditorId] 339537892 [Version] 1048832 [Id] WindowsEditor(7,Adi) [Debug] 1 [PackageName] WindowsEditor [ProjectName] Editor" joined alternative multi-casting on [225.0.0.222:34997]...

[Physics::Module] Initialized MultithreadedJobDispatcher with 7 workers.
Default GameObject BitMask: Bullet already registered
Refreshing native plugins compatible for Editor in 27.21 ms, found 4 plugins.
Preloading 0 native plugins for Editor in 0.00 ms.
Initialize engine version: 2022.3.25f1 (530ae0ba3889)
[Subsystems] Discovering subsystems at path C:/Program Files/Unity/Hub/Editor/2022.3.25f1/Editor/Data/Resources/UnitySubsystems
[Subsystems] Discovering subsystems at path D:/21-4-24 Backup/Tilemap/Assets
GfxDevice: creating device client; threaded=0; jobified=0
Direct3D:
    Version:  Direct3D 11.0 [level 11.1]
    Renderer: NVIDIA GeForce GTX 1660 Ti (ID=0x2191)
    Vendor:   NVIDIA
    VRAM:     5966 MB
    Driver:   31.0.15.5222
Initialize mono
Mono path[0] = 'C:/Program Files/Unity/Hub/Editor/2022.3.25f1/Editor/Data/Managed'
Mono path[1] = 'C:/Program Files/Unity/Hub/Editor/2022.3.25f1/Editor/Data/MonoBleedingEdge/lib/mono/unityjit-win32'
Mono config path = 'C:/Program Files/Unity/Hub/Editor/2022.3.25f1/Editor/Data/MonoBleedingEdge/etc'
Using monoOptions --debugger-agent=transport=dt_socket,embedding=1,server=y,suspend=n,address=127.0.0.1:56312
Begin MonoManager ReloadAssembly
Registering precompiled unity dll's ...
Register platform support module: C:/Program Files/Unity/Hub/Editor/2022.3.25f1/Editor/Data/PlaybackEngines/WebGLSupport/UnityEditor.WebGL.Extensions.dll
Register platform support module: C:/Program Files/Unity/Hub/Editor/2022.3.25f1/Editor/Data/PlaybackEngines/WindowsStandaloneSupport/UnityEditor.WindowsStandalone.Extensions.dll
Registered in 0.020046 seconds.
- Loaded All Assemblies, in  0.757 seconds
Native extension for WindowsStandalone target not found
Native extension for WebGL target not found
Mono: successfully reloaded assembly
- Finished resetting the current domain, in  0.477 seconds
Domain Reload Profiling: 1232ms
	BeginReloadAssembly (200ms)
		ExecutionOrderSort (0ms)
		DisableScriptedObjects (0ms)
		BackupInstance (0ms)
		ReleaseScriptingObjects (0ms)
		CreateAndSetChildDomain (2ms)
	RebuildCommonClasses (79ms)
	RebuildNativeTypeToScriptingClass (27ms)
	initialDomainReloadingComplete (128ms)
	LoadAllAssembliesAndSetupDomain (320ms)
		LoadAssemblies (196ms)
		RebuildTransferFunctionScriptingTraits (0ms)
		AnalyzeDomain (317ms)
			TypeCache.Refresh (315ms)
				TypeCache.ScanAssembly (286ms)
			ScanForSourceGeneratedMonoScriptInfo (1ms)
			ResolveRequiredComponents (1ms)
	FinalizeReload (478ms)
		ReleaseScriptCaches (0ms)
		RebuildScriptCaches (0ms)
		SetupLoadedEditorAssemblies (377ms)
			LogAssemblyErrors (0ms)
			InitializePlatformSupportModulesInManaged (18ms)
			SetLoadedEditorAssemblies (9ms)
			RefreshPlugins (0ms)
			BeforeProcessingInitializeOnLoad (3ms)
			ProcessInitializeOnLoadAttributes (266ms)
			ProcessInitializeOnLoadMethodAttributes (81ms)
			AfterProcessingInitializeOnLoad (0ms)
			EditorAssembliesLoaded (0ms)
		ExecutionOrderSort2 (0ms)
		AwakeInstancesAfterBackupRestoration (0ms)
========================================================================
Worker process is ready to serve import requests
Begin MonoManager ReloadAssembly
Symbol file LoadedFromMemory is not a mono symbol file
- Loaded All Assemblies, in  1.435 seconds
Refreshing native plugins compatible for Editor in 7.58 ms, found 4 plugins.
Native extension for WindowsStandalone target not found
Native extension for WebGL target not found
Package Manager log level set to [2]
[Package Manager] Server::EnsureServerProcessIsRunning -- launch failed, reason: Unity was launched with the -noUpm command-line argument
[Package Manager] UpmClient::Send -- Unable to send message (not connected to UPM process).
[Package Manager] Cannot connect to Unity Package Manager local server
Mono: successfully reloaded assembly
- Finished resetting the current domain, in  1.625 seconds
Domain Reload Profiling: 3058ms
	BeginReloadAssembly (246ms)
		ExecutionOrderSort (0ms)
		DisableScriptedObjects (9ms)
		BackupInstance (0ms)
		ReleaseScriptingObjects (0ms)
		CreateAndSetChildDomain (39ms)
	RebuildCommonClasses (67ms)
	RebuildNativeTypeToScriptingClass (21ms)
	initialDomainReloadingComplete (72ms)
	LoadAllAssembliesAndSetupDomain (1027ms)
		LoadAssemblies (600ms)
		RebuildTransferFunctionScriptingTraits (0ms)
		AnalyzeDomain (557ms)
			TypeCache.Refresh (444ms)
				TypeCache.ScanAssembly (404ms)
			ScanForSourceGeneratedMonoScriptInfo (92ms)
			ResolveRequiredComponents (19ms)
	FinalizeReload (1626ms)
		ReleaseScriptCaches (0ms)
		RebuildScriptCaches (0ms)
		SetupLoadedEditorAssemblies (1277ms)
			LogAssemblyErrors (0ms)
			InitializePlatformSupportModulesInManaged (11ms)
			SetLoadedEditorAssemblies (6ms)
			RefreshPlugins (0ms)
			BeforeProcessingInitializeOnLoad (174ms)
			ProcessInitializeOnLoadAttributes (821ms)
			ProcessInitializeOnLoadMethodAttributes (254ms)
			AfterProcessingInitializeOnLoad (10ms)
			EditorAssembliesLoaded (0ms)
		ExecutionOrderSort2 (0ms)
		AwakeInstancesAfterBackupRestoration (13ms)
Default GameObject BitMask: Bullet already registered
Launched and connected shader compiler UnityShaderCompiler.exe after 0.06 seconds
Refreshing native plugins compatible for Editor in 7.37 ms, found 4 plugins.
Preloading 0 native plugins for Editor in 0.00 ms.
Unloading 8142 Unused Serialized files (Serialized files now loaded: 0)
Unloading 120 unused Assets / (1.0 MB). Loaded Objects now: 8590.
Memory consumption went from 286.3 MB to 285.3 MB.
Total: 7.902900 ms (FindLiveObjects: 0.764700 ms CreateObjectMapping: 1.161000 ms MarkObjects: 5.285100 ms  DeleteObjects: 0.690700 ms)

AssetImportParameters requested are different than current active one (requested -> active):
  custom:container-demuxer-ogg: 62fdf1f143b41e24485cea50d1cbac27 -> 
  custom:framework-win-MediaFoundation: 216162199b28c13a410421893ffa2e32 -> 
  custom:container-muxer-webm: aa71ff27fc2769a1b78a27578f13a17b -> 
  custom:video-decoder-webm-vp8: 9c59270c3fd7afecdb556c50c9e8de78 -> 
  custom:SearchIndexIgnoredProperties: e643bd26f0fe6173181afceb89e7c659 -> 
  custom:AudioImporter_EditorPlatform: d09bf68614088b80899f8185d706f6e7 -> 
  custom:audio-decoder-ogg-vorbis: bf7c407c2cedff20999df2af8eb42d56 -> 
  custom:audio-encoder-webm-vorbis: bf7c407c2cedff20999df2af8eb42d56 -> 
  custom:video-codec-MediaFoundation-h265: 746d11721c4dcdbdad8f713fa42b33f4 -> 
  custom:video-decoder-ogg-theora: a1e56fd34408186e4bbccfd4996cb3dc -> 
  custom:CustomObjectIndexerAttribute: 72b91833f83ae208fae7752999fa3104 -> 
  custom:container-demuxer-webm: 4f35f7cbe854078d1ac9338744f61a02 -> 
  custom:video-encoder-webm-vp8: eb34c28f22e8b96e1ab97ce403110664 -> 
========================================================================
Received Import Request.
  Time since last request: 10529.718052 seconds.
  path: Assets/TileMaps/Tiles/Tiles_3.asset
  artifactKey: Guid(ad9687e90b9c5c14a86594a25d550627) Importer(815301076,1909f56bfc062723c751e8b465ee728b)
Start importing Assets/TileMaps/Tiles/Tiles_3.asset using Guid(ad9687e90b9c5c14a86594a25d550627) Importer(815301076,1909f56bfc062723c751e8b465ee728b)  -> (artifact id: '091c32664b133cf5a8812293f3bea4aa') in 0.127925 seconds
Number of updated asset objects reloaded before import = 0
Number of asset objects unloaded after import = 3
========================================================================
Received Import Request.
  Time since last request: 0.000032 seconds.
  path: Assets/TileMaps/Tiles/Tiles_14.asset
  artifactKey: Guid(8bacf68cf52008443a5c9a8d273b4d2a) Importer(815301076,1909f56bfc062723c751e8b465ee728b)
Start importing Assets/TileMaps/Tiles/Tiles_14.asset using Guid(8bacf68cf52008443a5c9a8d273b4d2a) Importer(815301076,1909f56bfc062723c751e8b465ee728b)  -> (artifact id: 'fac38085eb58568acdc5c78f2df9f76e') in 0.012670 seconds
Number of updated asset objects reloaded before import = 0
Number of asset objects unloaded after import = 3
========================================================================
Received Import Request.
  Time since last request: 0.000049 seconds.
  path: Assets/TileMaps/Tiles/Tiles_9.asset
  artifactKey: Guid(5ebaa134acc6f3d4098faa64c7278aac) Importer(815301076,1909f56bfc062723c751e8b465ee728b)
Start importing Assets/TileMaps/Tiles/Tiles_9.asset using Guid(5ebaa134acc6f3d4098faa64c7278aac) Importer(815301076,1909f56bfc062723c751e8b465ee728b)  -> (artifact id: '769c859a78820150bd770ea8a68bc402') in 0.011845 seconds
Number of updated asset objects reloaded before import = 0
Number of asset objects unloaded after import = 3
========================================================================
Received Import Request.
  Time since last request: 0.667860 seconds.
  path: Assets/TileMaps/Tiles/Tiles_25.asset
  artifactKey: Guid(1126f0a3c9882164bb31799b6594de07) Importer(815301076,1909f56bfc062723c751e8b465ee728b)
Start importing Assets/TileMaps/Tiles/Tiles_25.asset using Guid(1126f0a3c9882164bb31799b6594de07) Importer(815301076,1909f56bfc062723c751e8b465ee728b)  -> (artifact id: '2fb3704b47a50ef26e13265628efb0a4') in 0.018235 seconds
Number of updated asset objects reloaded before import = 0
Number of asset objects unloaded after import = 3
========================================================================
Received Import Request.
  Time since last request: 0.022459 seconds.
  path: Assets/TileMaps/Tiles/Tiles_32.asset
  artifactKey: Guid(ee25b4d306b10464b8c908d171147244) Importer(815301076,1909f56bfc062723c751e8b465ee728b)
Start importing Assets/TileMaps/Tiles/Tiles_32.asset using Guid(ee25b4d306b10464b8c908d171147244) Importer(815301076,1909f56bfc062723c751e8b465ee728b)  -> (artifact id: 'a1695be576f09b0de79f93fb1db60bc8') in 0.010667 seconds
Number of updated asset objects reloaded before import = 0
Number of asset objects unloaded after import = 3
========================================================================
Received Import Request.
  Time since last request: 0.000022 seconds.
  path: Assets/TileMaps/Tiles/Tiles_34.asset
  artifactKey: Guid(4e30138114203084fabc85506e7ac0f0) Importer(815301076,1909f56bfc062723c751e8b465ee728b)
Start importing Assets/TileMaps/Tiles/Tiles_34.asset using Guid(4e30138114203084fabc85506e7ac0f0) Importer(815301076,1909f56bfc062723c751e8b465ee728b)  -> (artifact id: 'ec275c95af8c7c05dd14cb903f71865f') in 0.008238 seconds
Number of updated asset objects reloaded before import = 0
Number of asset objects unloaded after import = 3
========================================================================
Received Import Request.
  Time since last request: 0.000021 seconds.
  path: Assets/TileMaps/Tiles/Tiles_42.asset
  artifactKey: Guid(fafcf66e635b8d041a97b1e10dc53b6d) Importer(815301076,1909f56bfc062723c751e8b465ee728b)
Start importing Assets/TileMaps/Tiles/Tiles_42.asset using Guid(fafcf66e635b8d041a97b1e10dc53b6d) Importer(815301076,1909f56bfc062723c751e8b465ee728b)  -> (artifact id: '22611ea26946a1af39ebe3b5eafb3114') in 0.010379 seconds
Number of updated asset objects reloaded before import = 0
Number of asset objects unloaded after import = 3
========================================================================
Received Import Request.
  Time since last request: 0.000030 seconds.
  path: Assets/TileMaps/Tiles/Tiles_44.asset
  artifactKey: Guid(988b97fba2401ca49a4998f5ba8a69b0) Importer(815301076,1909f56bfc062723c751e8b465ee728b)
Start importing Assets/TileMaps/Tiles/Tiles_44.asset using Guid(988b97fba2401ca49a4998f5ba8a69b0) Importer(815301076,1909f56bfc062723c751e8b465ee728b)  -> (artifact id: 'b24d9b04d177af792ba11819778b261b') in 0.015883 seconds
Number of updated asset objects reloaded before import = 0
Number of asset objects unloaded after import = 3
========================================================================
Received Import Request.
  Time since last request: 0.000033 seconds.
  path: Assets/TileMaps/Tiles/Tiles_45.asset
  artifactKey: Guid(502b22799d1d7c5428c19fcc501ff4e2) Importer(815301076,1909f56bfc062723c751e8b465ee728b)
Start importing Assets/TileMaps/Tiles/Tiles_45.asset using Guid(502b22799d1d7c5428c19fcc501ff4e2) Importer(815301076,1909f56bfc062723c751e8b465ee728b)  -> (artifact id: '2f7b1745439354d095c64e3879da5613') in 0.010566 seconds
Number of updated asset objects reloaded before import = 0
Number of asset objects unloaded after import = 3
========================================================================
Received Import Request.
  Time since last request: 0.000018 seconds.
  path: Assets/TileMaps/Tiles/Tiles_56.asset
  artifactKey: Guid(881279f34daaeb84c937ff302327dbf3) Importer(815301076,1909f56bfc062723c751e8b465ee728b)
Start importing Assets/TileMaps/Tiles/Tiles_56.asset using Guid(881279f34daaeb84c937ff302327dbf3) Importer(815301076,1909f56bfc062723c751e8b465ee728b)  -> (artifact id: '7cf101dbfbc092b6a8c0682ea9e11c57') in 0.010287 seconds
Number of updated asset objects reloaded before import = 0
Number of asset objects unloaded after import = 3
========================================================================
Received Import Request.
  Time since last request: 0.000018 seconds.
  path: Assets/TileMaps/Tiles/Tiles_61.asset
  artifactKey: Guid(d0d6af574fa6f90418efd18af843478f) Importer(815301076,1909f56bfc062723c751e8b465ee728b)
Start importing Assets/TileMaps/Tiles/Tiles_61.asset using Guid(d0d6af574fa6f90418efd18af843478f) Importer(815301076,1909f56bfc062723c751e8b465ee728b)  -> (artifact id: '341efb32335acde45451a91bdbbc97a3') in 0.011826 seconds
Number of updated asset objects reloaded before import = 0
Number of asset objects unloaded after import = 3
========================================================================
Received Import Request.
  Time since last request: 0.000020 seconds.
  path: Assets/TileMaps/Tiles/Tiles_73.asset
  artifactKey: Guid(fba0df0b4ca101d41b9757b1e3d111b9) Importer(815301076,1909f56bfc062723c751e8b465ee728b)
Start importing Assets/TileMaps/Tiles/Tiles_73.asset using Guid(fba0df0b4ca101d41b9757b1e3d111b9) Importer(815301076,1909f56bfc062723c751e8b465ee728b)  -> (artifact id: '41ba26b8cf9212f0ad1935b2ff69db01') in 0.009133 seconds
Number of updated asset objects reloaded before import = 0
Number of asset objects unloaded after import = 3
========================================================================
Received Import Request.
  Time since last request: 0.000021 seconds.
  path: Assets/TileMaps/Tiles/Tiles_90.asset
  artifactKey: Guid(aba08244eb9f9814b9e51d1307f0b928) Importer(815301076,1909f56bfc062723c751e8b465ee728b)
Start importing Assets/TileMaps/Tiles/Tiles_90.asset using Guid(aba08244eb9f9814b9e51d1307f0b928) Importer(815301076,1909f56bfc062723c751e8b465ee728b)  -> (artifact id: 'aa24d2807546733a9058af6368912642') in 0.011260 seconds
Number of updated asset objects reloaded before import = 0
Number of asset objects unloaded after import = 3
========================================================================
Received Import Request.
  Time since last request: 0.000024 seconds.
  path: Assets/TileMaps/Tiles/Tiles_87.asset
  artifactKey: Guid(4cbd180c20f57ba4d95e55eb90028814) Importer(815301076,1909f56bfc062723c751e8b465ee728b)
Start importing Assets/TileMaps/Tiles/Tiles_87.asset using Guid(4cbd180c20f57ba4d95e55eb90028814) Importer(815301076,1909f56bfc062723c751e8b465ee728b)  -> (artifact id: 'f56c27b8b599c825f143c790ec055fbe') in 0.008863 seconds
Number of updated asset objects reloaded before import = 0
Number of asset objects unloaded after import = 3
========================================================================
Received Import Request.
  Time since last request: 0.000022 seconds.
  path: Assets/TileMaps/Tiles/Tiles_84.asset
  artifactKey: Guid(ac5e71c2a76e90441b73abfd3a40822d) Importer(815301076,1909f56bfc062723c751e8b465ee728b)
Start importing Assets/TileMaps/Tiles/Tiles_84.asset using Guid(ac5e71c2a76e90441b73abfd3a40822d) Importer(815301076,1909f56bfc062723c751e8b465ee728b)  -> (artifact id: 'b1116d54ac02cc60cb87372a67d4f634') in 0.009113 seconds
Number of updated asset objects reloaded before import = 0
Number of asset objects unloaded after import = 3
========================================================================
Received Import Request.
  Time since last request: 0.000025 seconds.
  path: Assets/TileMaps/Tiles/Tiles_92.asset
  artifactKey: Guid(1e4072fd65f26464c86bf23e3239715f) Importer(815301076,1909f56bfc062723c751e8b465ee728b)
Start importing Assets/TileMaps/Tiles/Tiles_92.asset using Guid(1e4072fd65f26464c86bf23e3239715f) Importer(815301076,1909f56bfc062723c751e8b465ee728b)  -> (artifact id: '49e1ab456ad8fbb6af4efd11847f1bd5') in 0.009790 seconds
Number of updated asset objects reloaded before import = 0
Number of asset objects unloaded after import = 3
========================================================================
Received Import Request.
  Time since last request: 0.000026 seconds.
  path: Assets/TileMaps/Tiles/Tiles_64.asset
  artifactKey: Guid(1ca945d8bb40c82439c7b01da85faae3) Importer(815301076,1909f56bfc062723c751e8b465ee728b)
Start importing Assets/TileMaps/Tiles/Tiles_64.asset using Guid(1ca945d8bb40c82439c7b01da85faae3) Importer(815301076,1909f56bfc062723c751e8b465ee728b)  -> (artifact id: '20a78ea2b0966a849f7cae54aa683cd2') in 0.009315 seconds
Number of updated asset objects reloaded before import = 0
Number of asset objects unloaded after import = 3
========================================================================
Received Import Request.
  Time since last request: 0.000033 seconds.
  path: Assets/TileMaps/Tiles/Tiles_67.asset
  artifactKey: Guid(e7d33e89e8fff9b44af2067cf47dfba4) Importer(815301076,1909f56bfc062723c751e8b465ee728b)
Start importing Assets/TileMaps/Tiles/Tiles_67.asset using Guid(e7d33e89e8fff9b44af2067cf47dfba4) Importer(815301076,1909f56bfc062723c751e8b465ee728b)  -> (artifact id: 'eb127066408ff44f4dba11fe614e0e24') in 0.018129 seconds
Number of updated asset objects reloaded before import = 0
Number of asset objects unloaded after import = 3
========================================================================
Received Import Request.
  Time since last request: 0.000023 seconds.
  path: Assets/TileMaps/Tiles/Tiles_68.asset
  artifactKey: Guid(4ca11f1a55f9bac4cb56e6466aac6845) Importer(815301076,1909f56bfc062723c751e8b465ee728b)
Start importing Assets/TileMaps/Tiles/Tiles_68.asset using Guid(4ca11f1a55f9bac4cb56e6466aac6845) Importer(815301076,1909f56bfc062723c751e8b465ee728b)  -> (artifact id: 'a256b7a0d61c1b8d82b0ae0310477c9e') in 0.010185 seconds
Number of updated asset objects reloaded before import = 0
Number of asset objects unloaded after import = 3
========================================================================
Received Import Request.
  Time since last request: 0.000021 seconds.
  path: Assets/TileMaps/Tiles/Tiles_70.asset
  artifactKey: Guid(4afae9ce53a75ce46b2eca38498af059) Importer(815301076,1909f56bfc062723c751e8b465ee728b)
Start importing Assets/TileMaps/Tiles/Tiles_70.asset using Guid(4afae9ce53a75ce46b2eca38498af059) Importer(815301076,1909f56bfc062723c751e8b465ee728b)  -> (artifact id: '6996fd2c62a94bd4bd42555aa174750e') in 0.009573 seconds
Number of updated asset objects reloaded before import = 0
Number of asset objects unloaded after import = 3
========================================================================
Received Import Request.
  Time since last request: 3.675534 seconds.
  path: Assets/TileMaps/TileMap/Terrain (32x32)_3.asset
  artifactKey: Guid(75f2b082ca9bd634f877f49a047848b1) Importer(815301076,1909f56bfc062723c751e8b465ee728b)
Start importing Assets/TileMaps/TileMap/Terrain (32x32)_3.asset using Guid(75f2b082ca9bd634f877f49a047848b1) Importer(815301076,1909f56bfc062723c751e8b465ee728b)  -> (artifact id: '63bc988511a17b9a78f227b46792fc4d') in 0.017024 seconds
Number of updated asset objects reloaded before import = 0
Number of asset objects unloaded after import = 3
========================================================================
Received Import Request.
  Time since last request: 0.000020 seconds.
  path: Assets/TileMaps/TileMap/Terrain (32x32)_4.asset
  artifactKey: Guid(c762e98f140493043a652dae47b56e8b) Importer(815301076,1909f56bfc062723c751e8b465ee728b)
Start importing Assets/TileMaps/TileMap/Terrain (32x32)_4.asset using Guid(c762e98f140493043a652dae47b56e8b) Importer(815301076,1909f56bfc062723c751e8b465ee728b)  -> (artifact id: '0aa5a788d2c187c82274796f8f4afee4') in 0.022387 seconds
Number of updated asset objects reloaded before import = 0
Number of asset objects unloaded after import = 3
========================================================================
Received Import Request.
  Time since last request: 0.000023 seconds.
  path: Assets/TileMaps/TileMap/Terrain (32x32)_16.asset
  artifactKey: Guid(8e758a77a8300e444889f5e409ad29e6) Importer(815301076,1909f56bfc062723c751e8b465ee728b)
Start importing Assets/TileMaps/TileMap/Terrain (32x32)_16.asset using Guid(8e758a77a8300e444889f5e409ad29e6) Importer(815301076,1909f56bfc062723c751e8b465ee728b)  -> (artifact id: 'e4cc2a5a1d9c463dea471aef97deec01') in 0.020233 seconds
Number of updated asset objects reloaded before import = 0
Number of asset objects unloaded after import = 3
========================================================================
Received Import Request.
  Time since last request: 0.000018 seconds.
  path: Assets/TileMaps/TileMap/Terrain (32x32)_8.asset
  artifactKey: Guid(55d38426d421df64895a176b8deb9b3d) Importer(815301076,1909f56bfc062723c751e8b465ee728b)
Start importing Assets/TileMaps/TileMap/Terrain (32x32)_8.asset using Guid(55d38426d421df64895a176b8deb9b3d) Importer(815301076,1909f56bfc062723c751e8b465ee728b)  -> (artifact id: 'c741c63e2b48f13cfb83c04a3e07fc7b') in 0.020906 seconds
Number of updated asset objects reloaded before import = 0
Number of asset objects unloaded after import = 3
========================================================================
Received Import Request.
  Time since last request: 0.000028 seconds.
  path: Assets/TileMaps/TileMap/Terrain (32x32)_18.asset
  artifactKey: Guid(75ad2fd1fe594e04b94e575d829d9f31) Importer(815301076,1909f56bfc062723c751e8b465ee728b)
Start importing Assets/TileMaps/TileMap/Terrain (32x32)_18.asset using Guid(75ad2fd1fe594e04b94e575d829d9f31) Importer(815301076,1909f56bfc062723c751e8b465ee728b)  -> (artifact id: 'cfb72331971e4cb622a1d7d1515eefca') in 0.023478 seconds
Number of updated asset objects reloaded before import = 0
Number of asset objects unloaded after import = 3
========================================================================
Received Import Request.
  Time since last request: 0.790166 seconds.
  path: Assets/TileMaps/TileMap/Terrain (32x32)_25.asset
  artifactKey: Guid(342e0afafc0c59a4aac9dc24e079c491) Importer(815301076,1909f56bfc062723c751e8b465ee728b)
Start importing Assets/TileMaps/TileMap/Terrain (32x32)_25.asset using Guid(342e0afafc0c59a4aac9dc24e079c491) Importer(815301076,1909f56bfc062723c751e8b465ee728b)  -> (artifact id: '6123c83a07c19635ee5e76b34dfdb505') in 0.021104 seconds
Number of updated asset objects reloaded before import = 0
Number of asset objects unloaded after import = 3
========================================================================
Received Import Request.
  Time since last request: 0.035816 seconds.
  path: Assets/TileMaps/TileMap/Terrain (32x32)_32.asset
  artifactKey: Guid(b0c89689d0416a3459ae422d85b13a17) Importer(815301076,1909f56bfc062723c751e8b465ee728b)
Start importing Assets/TileMaps/TileMap/Terrain (32x32)_32.asset using Guid(b0c89689d0416a3459ae422d85b13a17) Importer(815301076,1909f56bfc062723c751e8b465ee728b)  -> (artifact id: 'ec28095fc45001ec91ef7972bd6c32b2') in 0.016043 seconds
Number of updated asset objects reloaded before import = 0
Number of asset objects unloaded after import = 3
========================================================================
Received Import Request.
  Time since last request: 0.000024 seconds.
  path: Assets/TileMaps/TileMap/Terrain (32x32)_34.asset
  artifactKey: Guid(1fd43f2a6cfc88041a9a2fe5d5e25a11) Importer(815301076,1909f56bfc062723c751e8b465ee728b)
Start importing Assets/TileMaps/TileMap/Terrain (32x32)_34.asset using Guid(1fd43f2a6cfc88041a9a2fe5d5e25a11) Importer(815301076,1909f56bfc062723c751e8b465ee728b)  -> (artifact id: 'ba03b743212f22d49c839d4c056b2d1f') in 0.021409 seconds
Number of updated asset objects reloaded before import = 0
Number of asset objects unloaded after import = 3
========================================================================
Received Import Request.
  Time since last request: 0.000021 seconds.
  path: Assets/TileMaps/TileMap/Terrain (32x32)_39.asset
  artifactKey: Guid(83cf15d635772a04da524abe3731b722) Importer(815301076,1909f56bfc062723c751e8b465ee728b)
Start importing Assets/TileMaps/TileMap/Terrain (32x32)_39.asset using Guid(83cf15d635772a04da524abe3731b722) Importer(815301076,1909f56bfc062723c751e8b465ee728b)  -> (artifact id: 'ba8a8af71a0dd3c670c3ba68f1f282c2') in 0.018992 seconds
Number of updated asset objects reloaded before import = 0
Number of asset objects unloaded after import = 3
========================================================================
Received Import Request.
  Time since last request: 0.000022 seconds.
  path: Assets/TileMaps/TileMap/Terrain (32x32)_45.asset
  artifactKey: Guid(c321b041e3662e44fb1d658ca964e7ef) Importer(815301076,1909f56bfc062723c751e8b465ee728b)
Start importing Assets/TileMaps/TileMap/Terrain (32x32)_45.asset using Guid(c321b041e3662e44fb1d658ca964e7ef) Importer(815301076,1909f56bfc062723c751e8b465ee728b)  -> (artifact id: '7425aad04ca3b4d3f48c74ff1d25e79e') in 0.034209 seconds
Number of updated asset objects reloaded before import = 0
Number of asset objects unloaded after import = 3
========================================================================
Received Import Request.
  Time since last request: 0.000027 seconds.
  path: Assets/TileMaps/TileMap/Terrain (32x32)_54.asset
  artifactKey: Guid(a040dd58def565843a48859e7768c46e) Importer(815301076,1909f56bfc062723c751e8b465ee728b)
Start importing Assets/TileMaps/TileMap/Terrain (32x32)_54.asset using Guid(a040dd58def565843a48859e7768c46e) Importer(815301076,1909f56bfc062723c751e8b465ee728b)  -> (artifact id: '8b757092d04f72224f523829879b2ba9') in 0.019398 seconds
Number of updated asset objects reloaded before import = 0
Number of asset objects unloaded after import = 3
========================================================================
Received Import Request.
  Time since last request: 0.000039 seconds.
  path: Assets/TileMaps/TileMap/Terrain (32x32)_60.asset
  artifactKey: Guid(623a5a7a4b0fb7f4080d79ba0e4fe8fb) Importer(815301076,1909f56bfc062723c751e8b465ee728b)
Start importing Assets/TileMaps/TileMap/Terrain (32x32)_60.asset using Guid(623a5a7a4b0fb7f4080d79ba0e4fe8fb) Importer(815301076,1909f56bfc062723c751e8b465ee728b)  -> (artifact id: '26b8ba672643bba4d81060349709f594') in 0.023671 seconds
Number of updated asset objects reloaded before import = 0
Number of asset objects unloaded after import = 3
========================================================================
Received Import Request.
  Time since last request: 0.000041 seconds.
  path: Assets/TileMaps/TileMap/Terrain (32x32)_61.asset
  artifactKey: Guid(c13abbc6319d6f24f9f9a2ef7c5efb52) Importer(815301076,1909f56bfc062723c751e8b465ee728b)
Start importing Assets/TileMaps/TileMap/Terrain (32x32)_61.asset using Guid(c13abbc6319d6f24f9f9a2ef7c5efb52) Importer(815301076,1909f56bfc062723c751e8b465ee728b)  -> (artifact id: '1772cb79168a2e7463163f7964591a08') in 0.020970 seconds
Number of updated asset objects reloaded before import = 0
Number of asset objects unloaded after import = 3
========================================================================
Received Import Request.
  Time since last request: 0.000026 seconds.
  path: Assets/TileMaps/TileMap/Terrain (32x32)_51.asset
  artifactKey: Guid(02ff4bf79b6e17249bcff82c028cfeef) Importer(815301076,1909f56bfc062723c751e8b465ee728b)
Start importing Assets/TileMaps/TileMap/Terrain (32x32)_51.asset using Guid(02ff4bf79b6e17249bcff82c028cfeef) Importer(815301076,1909f56bfc062723c751e8b465ee728b)  -> (artifact id: '7ca66c93cd38c24b435c81664e0498d6') in 0.019166 seconds
Number of updated asset objects reloaded before import = 0
Number of asset objects unloaded after import = 3
========================================================================
Received Import Request.
  Time since last request: 0.000027 seconds.
  path: Assets/TileMaps/TileMap/Terrain (32x32)_46.asset
  artifactKey: Guid(4096dc18eb39f4549ba9f1edee4cff2d) Importer(815301076,1909f56bfc062723c751e8b465ee728b)
Start importing Assets/TileMaps/TileMap/Terrain (32x32)_46.asset using Guid(4096dc18eb39f4549ba9f1edee4cff2d) Importer(815301076,1909f56bfc062723c751e8b465ee728b)  -> (artifact id: 'cff10b4ca7c186775b1d938512c5d3c1') in 0.018842 seconds
Number of updated asset objects reloaded before import = 0
Number of asset objects unloaded after import = 3
========================================================================
Received Import Request.
  Time since last request: 0.123841 seconds.
  path: Assets/TileMaps/TileMap/Terrain (32x32)_67.asset
  artifactKey: Guid(e949feabb3fdaa548bc070e28edfd7bc) Importer(815301076,1909f56bfc062723c751e8b465ee728b)
Start importing Assets/TileMaps/TileMap/Terrain (32x32)_67.asset using Guid(e949feabb3fdaa548bc070e28edfd7bc) Importer(815301076,1909f56bfc062723c751e8b465ee728b)  -> (artifact id: '329ef56139ac70ad8d61685aec92c1d7') in 0.018647 seconds
Number of updated asset objects reloaded before import = 0
Number of asset objects unloaded after import = 3
========================================================================
Received Import Request.
  Time since last request: 0.068907 seconds.
  path: Assets/TileMaps/TileMap/Terrain (32x32)_74.asset
  artifactKey: Guid(e055d5bdd906b3240b0b3c85b504e0e5) Importer(815301076,1909f56bfc062723c751e8b465ee728b)
Start importing Assets/TileMaps/TileMap/Terrain (32x32)_74.asset using Guid(e055d5bdd906b3240b0b3c85b504e0e5) Importer(815301076,1909f56bfc062723c751e8b465ee728b)  -> (artifact id: '6e1d633095e0f918ac8651ed17a5ced8') in 0.020752 seconds
Number of updated asset objects reloaded before import = 0
Number of asset objects unloaded after import = 3
========================================================================
Received Import Request.
  Time since last request: 0.038975 seconds.
  path: Assets/TileMaps/TileMap/Terrain (32x32)_81.asset
  artifactKey: Guid(c5563a03d8376384b96857c33d9b41c5) Importer(815301076,1909f56bfc062723c751e8b465ee728b)
Start importing Assets/TileMaps/TileMap/Terrain (32x32)_81.asset using Guid(c5563a03d8376384b96857c33d9b41c5) Importer(815301076,1909f56bfc062723c751e8b465ee728b)  -> (artifact id: '868cef33d5efa196934f7bb1e17a8e31') in 0.017878 seconds
Number of updated asset objects reloaded before import = 0
Number of asset objects unloaded after import = 3
========================================================================
Received Import Request.
  Time since last request: 0.035468 seconds.
  path: Assets/TileMaps/TileMap/Terrain (32x32)_88.asset
  artifactKey: Guid(6580269147cbe1e46b2b677ada5e401c) Importer(815301076,1909f56bfc062723c751e8b465ee728b)
Start importing Assets/TileMaps/TileMap/Terrain (32x32)_88.asset using Guid(6580269147cbe1e46b2b677ada5e401c) Importer(815301076,1909f56bfc062723c751e8b465ee728b)  -> (artifact id: '9c8406bc828955354925663bbe8203f5') in 0.013932 seconds
Number of updated asset objects reloaded before import = 0
Number of asset objects unloaded after import = 3
========================================================================
Received Import Request.
  Time since last request: 0.000027 seconds.
  path: Assets/TileMaps/TileMap/Terrain (32x32)_89.asset
  artifactKey: Guid(20e08f6bb056fc44fac4ca57d67602d5) Importer(815301076,1909f56bfc062723c751e8b465ee728b)
Start importing Assets/TileMaps/TileMap/Terrain (32x32)_89.asset using Guid(20e08f6bb056fc44fac4ca57d67602d5) Importer(815301076,1909f56bfc062723c751e8b465ee728b)  -> (artifact id: 'd1d05813cb78571d8d7e6e1cffad8382') in 0.019184 seconds
Number of updated asset objects reloaded before import = 0
Number of asset objects unloaded after import = 3
========================================================================
Received Import Request.
  Time since last request: 0.000030 seconds.
  path: Assets/TileMaps/TileMap/Terrain (32x32)_92.asset
  artifactKey: Guid(b7209a0c481af8a408844dfdd8ea6a89) Importer(815301076,1909f56bfc062723c751e8b465ee728b)
Start importing Assets/TileMaps/TileMap/Terrain (32x32)_92.asset using Guid(b7209a0c481af8a408844dfdd8ea6a89) Importer(815301076,1909f56bfc062723c751e8b465ee728b)  -> (artifact id: '1c606e11c1c4beabec0dbc01d848d745') in 0.015988 seconds
Number of updated asset objects reloaded before import = 0
Number of asset objects unloaded after import = 3
========================================================================
Received Import Request.
  Time since last request: 1.838727 seconds.
  path: Assets/TileMaps/oll/cavesofgallet_2.asset
  artifactKey: Guid(361a361594a1d0347a965ad266cd619c) Importer(815301076,1909f56bfc062723c751e8b465ee728b)
Start importing Assets/TileMaps/oll/cavesofgallet_2.asset using Guid(361a361594a1d0347a965ad266cd619c) Importer(815301076,1909f56bfc062723c751e8b465ee728b)  -> (artifact id: '5eb6ddd4d14d4bb0e01a27408af1dd94') in 0.003541 seconds
Number of updated asset objects reloaded before import = 0
Number of asset objects unloaded after import = 1
========================================================================
Received Import Request.
  Time since last request: 0.000020 seconds.
  path: Assets/TileMaps/oll/cavesofgallet_18.asset
  artifactKey: Guid(e3d13bd25f6eef840ac99f8a4d9f9e54) Importer(815301076,1909f56bfc062723c751e8b465ee728b)
Start importing Assets/TileMaps/oll/cavesofgallet_18.asset using Guid(e3d13bd25f6eef840ac99f8a4d9f9e54) Importer(815301076,1909f56bfc062723c751e8b465ee728b)  -> (artifact id: '3a470638975622221f7f2d01495fc0c6') in 0.004254 seconds
Number of updated asset objects reloaded before import = 0
Number of asset objects unloaded after import = 1
========================================================================
Received Import Request.
  Time since last request: 0.000017 seconds.
  path: Assets/TileMaps/oll/cavesofgallet_15.asset
  artifactKey: Guid(3bd3c48a745f082448607cfd96d4c5cc) Importer(815301076,1909f56bfc062723c751e8b465ee728b)
Start importing Assets/TileMaps/oll/cavesofgallet_15.asset using Guid(3bd3c48a745f082448607cfd96d4c5cc) Importer(815301076,1909f56bfc062723c751e8b465ee728b)  -> (artifact id: '38bb78f71951346b424defb607243730') in 0.003707 seconds
Number of updated asset objects reloaded before import = 0
Number of asset objects unloaded after import = 1
========================================================================
Received Import Request.
  Time since last request: 0.000022 seconds.
  path: Assets/TileMaps/oll/cavesofgallet_16.asset
  artifactKey: Guid(6c8ecbcb39c6415409ae2caa810d772e) Importer(815301076,1909f56bfc062723c751e8b465ee728b)
Start importing Assets/TileMaps/oll/cavesofgallet_16.asset using Guid(6c8ecbcb39c6415409ae2caa810d772e) Importer(815301076,1909f56bfc062723c751e8b465ee728b)  -> (artifact id: '50a0610fa3ca6255574ff7a2b64a41c1') in 0.005027 seconds
Number of updated asset objects reloaded before import = 0
Number of asset objects unloaded after import = 1
========================================================================
Received Import Request.
  Time since last request: 0.000028 seconds.
  path: Assets/TileMaps/oll/cavesofgallet_20.asset
  artifactKey: Guid(9bd1e129be111104182d9367ee901219) Importer(815301076,1909f56bfc062723c751e8b465ee728b)
Start importing Assets/TileMaps/oll/cavesofgallet_20.asset using Guid(9bd1e129be111104182d9367ee901219) Importer(815301076,1909f56bfc062723c751e8b465ee728b)  -> (artifact id: 'd2a754a33e6397a89dc9dc717d6ab616') in 0.002803 seconds
Number of updated asset objects reloaded before import = 0
Number of asset objects unloaded after import = 1
========================================================================
Received Import Request.
  Time since last request: 0.000018 seconds.
  path: Assets/TileMaps/oll/cavesofgallet_8.asset
  artifactKey: Guid(8610f749ed1b8704995fa6dece61814c) Importer(815301076,1909f56bfc062723c751e8b465ee728b)
Start importing Assets/TileMaps/oll/cavesofgallet_8.asset using Guid(8610f749ed1b8704995fa6dece61814c) Importer(815301076,1909f56bfc062723c751e8b465ee728b)  -> (artifact id: 'e1ed8f019edfff964ff6e2c8c7322b9d') in 0.004852 seconds
Number of updated asset objects reloaded before import = 0
Number of asset objects unloaded after import = 1
========================================================================
Received Import Request.
  Time since last request: 0.000022 seconds.
  path: Assets/TileMaps/oll/cavesofgallet_6.asset
  artifactKey: Guid(26ecb20bfebd5854fb4b2f85b39a483c) Importer(815301076,1909f56bfc062723c751e8b465ee728b)
Start importing Assets/TileMaps/oll/cavesofgallet_6.asset using Guid(26ecb20bfebd5854fb4b2f85b39a483c) Importer(815301076,1909f56bfc062723c751e8b465ee728b)  -> (artifact id: '4e4840220e656351e92408f95d9b8142') in 0.004094 seconds
Number of updated asset objects reloaded before import = 0
Number of asset objects unloaded after import = 1
========================================================================
Received Import Request.
  Time since last request: 0.804467 seconds.
  path: Assets/TileMaps/oll/cavesofgallet_25.asset
  artifactKey: Guid(7102d6cc1e7910a4181471a3b52c6ad3) Importer(815301076,1909f56bfc062723c751e8b465ee728b)
Start importing Assets/TileMaps/oll/cavesofgallet_25.asset using Guid(7102d6cc1e7910a4181471a3b52c6ad3) Importer(815301076,1909f56bfc062723c751e8b465ee728b)  -> (artifact id: 'd65e6c7882d7f4ba683866688ff8b97a') in 0.005228 seconds
Number of updated asset objects reloaded before import = 0
Number of asset objects unloaded after import = 1
========================================================================
Received Import Request.
  Time since last request: 0.000023 seconds.
  path: Assets/TileMaps/oll/cavesofgallet_28.asset
  artifactKey: Guid(1b8989a26278cd44cb800526be86cc6d) Importer(815301076,1909f56bfc062723c751e8b465ee728b)
Start importing Assets/TileMaps/oll/cavesofgallet_28.asset using Guid(1b8989a26278cd44cb800526be86cc6d) Importer(815301076,1909f56bfc062723c751e8b465ee728b)  -> (artifact id: '06057ccd168bb42bc816131347ce6c62') in 0.003331 seconds
Number of updated asset objects reloaded before import = 0
Number of asset objects unloaded after import = 1
========================================================================
Received Import Request.
  Time since last request: 0.021234 seconds.
  path: Assets/TileMaps/oll/cavesofgallet_32.asset
  artifactKey: Guid(739f09c47d676b4489f4e4cd30c64fde) Importer(815301076,1909f56bfc062723c751e8b465ee728b)
Start importing Assets/TileMaps/oll/cavesofgallet_32.asset using Guid(739f09c47d676b4489f4e4cd30c64fde) Importer(815301076,1909f56bfc062723c751e8b465ee728b)  -> (artifact id: 'bf4972c5859ca52b3da539a865b4c5cd') in 0.004844 seconds
Number of updated asset objects reloaded before import = 0
Number of asset objects unloaded after import = 1
========================================================================
Received Import Request.
  Time since last request: 0.000048 seconds.
  path: Assets/TileMaps/oll/cavesofgallet_34.asset
  artifactKey: Guid(70804f44c6dae8f459c1dbfe075777e2) Importer(815301076,1909f56bfc062723c751e8b465ee728b)
Start importing Assets/TileMaps/oll/cavesofgallet_34.asset using Guid(70804f44c6dae8f459c1dbfe075777e2) Importer(815301076,1909f56bfc062723c751e8b465ee728b)  -> (artifact id: 'ac6d0dd7fedc02b481ee2fb20a901ab4') in 0.003233 seconds
Number of updated asset objects reloaded before import = 0
Number of asset objects unloaded after import = 1
========================================================================
Received Import Request.
  Time since last request: 0.008338 seconds.
  path: Assets/TileMaps/oll/cavesofgallet_39.asset
  artifactKey: Guid(e634694b4b3b1d54db917bca713a185e) Importer(815301076,1909f56bfc062723c751e8b465ee728b)
Start importing Assets/TileMaps/oll/cavesofgallet_39.asset using Guid(e634694b4b3b1d54db917bca713a185e) Importer(815301076,1909f56bfc062723c751e8b465ee728b)  -> (artifact id: '6a1494f069fb1fb0c683aea21df3d711') in 0.005195 seconds
Number of updated asset objects reloaded before import = 0
Number of asset objects unloaded after import = 1
========================================================================
Received Import Request.
  Time since last request: 0.000021 seconds.
  path: Assets/TileMaps/oll/cavesofgallet_41.asset
  artifactKey: Guid(e87b1895769049e4dad7e9f932b4e4be) Importer(815301076,1909f56bfc062723c751e8b465ee728b)
Start importing Assets/TileMaps/oll/cavesofgallet_41.asset using Guid(e87b1895769049e4dad7e9f932b4e4be) Importer(815301076,1909f56bfc062723c751e8b465ee728b)  -> (artifact id: '561264ce067ac03d899e020308df3708') in 0.004507 seconds
Number of updated asset objects reloaded before import = 0
Number of asset objects unloaded after import = 1
========================================================================
Received Import Request.
  Time since last request: 0.010525 seconds.
  path: Assets/TileMaps/oll/cavesofgallet_47.asset
  artifactKey: Guid(7f8d082f3377e474aae3534aff36d249) Importer(815301076,1909f56bfc062723c751e8b465ee728b)
Start importing Assets/TileMaps/oll/cavesofgallet_47.asset using Guid(7f8d082f3377e474aae3534aff36d249) Importer(815301076,1909f56bfc062723c751e8b465ee728b)  -> (artifact id: '6c7f66eced0d1d719a5ab28591258ece') in 0.003286 seconds
Number of updated asset objects reloaded before import = 0
Number of asset objects unloaded after import = 1
========================================================================
Received Import Request.
  Time since last request: 0.000023 seconds.
  path: Assets/TileMaps/oll/cavesofgallet_62.asset
  artifactKey: Guid(59c7bc362f30e44449dd12170d1bfd6b) Importer(815301076,1909f56bfc062723c751e8b465ee728b)
Start importing Assets/TileMaps/oll/cavesofgallet_62.asset using Guid(59c7bc362f30e44449dd12170d1bfd6b) Importer(815301076,1909f56bfc062723c751e8b465ee728b)  -> (artifact id: 'ed5abbe2944dd71ac8234f97843ec027') in 0.003752 seconds
Number of updated asset objects reloaded before import = 0
Number of asset objects unloaded after import = 1
========================================================================
Received Import Request.
  Time since last request: 0.000028 seconds.
  path: Assets/TileMaps/oll/cavesofgallet_58.asset
  artifactKey: Guid(bb8cb1892b1b08642b9b0b8ba9c3f9a1) Importer(815301076,1909f56bfc062723c751e8b465ee728b)
Start importing Assets/TileMaps/oll/cavesofgallet_58.asset using Guid(bb8cb1892b1b08642b9b0b8ba9c3f9a1) Importer(815301076,1909f56bfc062723c751e8b465ee728b)  -> (artifact id: '55cf16916f668ed97eafc033f55e7309') in 0.003025 seconds
Number of updated asset objects reloaded before import = 0
Number of asset objects unloaded after import = 1
========================================================================
Received Import Request.
  Time since last request: 0.000031 seconds.
  path: Assets/TileMaps/oll/cavesofgallet_59.asset
  artifactKey: Guid(5660b69a4042a1a459e9d87933ba6aa2) Importer(815301076,1909f56bfc062723c751e8b465ee728b)
Start importing Assets/TileMaps/oll/cavesofgallet_59.asset using Guid(5660b69a4042a1a459e9d87933ba6aa2) Importer(815301076,1909f56bfc062723c751e8b465ee728b)  -> (artifact id: '827a7a125bcd64b157831e8e6602c123') in 0.004413 seconds
Number of updated asset objects reloaded before import = 0
Number of asset objects unloaded after import = 1
========================================================================
Received Import Request.
  Time since last request: 0.000022 seconds.
  path: Assets/TileMaps/oll/cavesofgallet_56.asset
  artifactKey: Guid(94fedfd935263d14484cfa07013cfb4f) Importer(815301076,1909f56bfc062723c751e8b465ee728b)
Start importing Assets/TileMaps/oll/cavesofgallet_56.asset using Guid(94fedfd935263d14484cfa07013cfb4f) Importer(815301076,1909f56bfc062723c751e8b465ee728b)  -> (artifact id: 'f9820c35613330f2c7ca093bd68b75fe') in 0.002968 seconds
Number of updated asset objects reloaded before import = 0
Number of asset objects unloaded after import = 1
========================================================================
Received Import Request.
  Time since last request: 0.008074 seconds.
  path: Assets/TileMaps/oll/cavesofgallet_67.asset
  artifactKey: Guid(16f4269831657914284396412d23dc46) Importer(815301076,1909f56bfc062723c751e8b465ee728b)
Start importing Assets/TileMaps/oll/cavesofgallet_67.asset using Guid(16f4269831657914284396412d23dc46) Importer(815301076,1909f56bfc062723c751e8b465ee728b)  -> (artifact id: 'acf697e81942c50fddefb2ea3339d1a8') in 0.003856 seconds
Number of updated asset objects reloaded before import = 0
Number of asset objects unloaded after import = 1
========================================================================
Received Import Request.
  Time since last request: 0.043292 seconds.
  path: Assets/TileMaps/oll/cavesofgallet_80.asset
  artifactKey: Guid(a0c4c847e74ddb24d9ba9d663b29d104) Importer(815301076,1909f56bfc062723c751e8b465ee728b)
Start importing Assets/TileMaps/oll/cavesofgallet_80.asset using Guid(a0c4c847e74ddb24d9ba9d663b29d104) Importer(815301076,1909f56bfc062723c751e8b465ee728b)  -> (artifact id: '9be869aef827f746d13809455510bf41') in 0.004374 seconds
Number of updated asset objects reloaded before import = 0
Number of asset objects unloaded after import = 1
========================================================================
Received Import Request.
  Time since last request: 0.000020 seconds.
  path: Assets/TileMaps/oll/cavesofgallet_82.asset
  artifactKey: Guid(aa23e6c6d59306d418609b709fbc5f44) Importer(815301076,1909f56bfc062723c751e8b465ee728b)
Start importing Assets/TileMaps/oll/cavesofgallet_82.asset using Guid(aa23e6c6d59306d418609b709fbc5f44) Importer(815301076,1909f56bfc062723c751e8b465ee728b)  -> (artifact id: '1f32a471d5f39e2f0721fb068b211223') in 0.005976 seconds
Number of updated asset objects reloaded before import = 0
Number of asset objects unloaded after import = 1
========================================================================
Received Import Request.
  Time since last request: 0.000033 seconds.
  path: Assets/TileMaps/oll/cavesofgallet_83.asset
  artifactKey: Guid(a8ca454f41dabb243b3e30e47971a200) Importer(815301076,1909f56bfc062723c751e8b465ee728b)
Start importing Assets/TileMaps/oll/cavesofgallet_83.asset using Guid(a8ca454f41dabb243b3e30e47971a200) Importer(815301076,1909f56bfc062723c751e8b465ee728b)  -> (artifact id: 'ea94ea09776ca36c5454dbad04b05a9c') in 0.003983 seconds
Number of updated asset objects reloaded before import = 0
Number of asset objects unloaded after import = 1
========================================================================
Received Import Request.
  Time since last request: 0.000018 seconds.
  path: Assets/TileMaps/oll/cavesofgallet_88.asset
  artifactKey: Guid(02187f53e924dfb4c96540161388508b) Importer(815301076,1909f56bfc062723c751e8b465ee728b)
Start importing Assets/TileMaps/oll/cavesofgallet_88.asset using Guid(02187f53e924dfb4c96540161388508b) Importer(815301076,1909f56bfc062723c751e8b465ee728b)  -> (artifact id: 'f1b5d8c84b34cc4a40326d9c2152b80a') in 0.004556 seconds
Number of updated asset objects reloaded before import = 0
Number of asset objects unloaded after import = 1
========================================================================
Received Import Request.
  Time since last request: 0.000025 seconds.
  path: Assets/TileMaps/oll/cavesofgallet_107.asset
  artifactKey: Guid(29616f1698caf624e982ab89b1cdd022) Importer(815301076,1909f56bfc062723c751e8b465ee728b)
Start importing Assets/TileMaps/oll/cavesofgallet_107.asset using Guid(29616f1698caf624e982ab89b1cdd022) Importer(815301076,1909f56bfc062723c751e8b465ee728b)  -> (artifact id: 'b0cc7a1cc58f90e559a12cf378eeef10') in 0.003720 seconds
Number of updated asset objects reloaded before import = 0
Number of asset objects unloaded after import = 1
========================================================================
Received Import Request.
  Time since last request: 0.000027 seconds.
  path: Assets/TileMaps/oll/cavesofgallet_97.asset
  artifactKey: Guid(ef701c78550cb5e4dab3aa5b4ebbcc7c) Importer(815301076,1909f56bfc062723c751e8b465ee728b)
Start importing Assets/TileMaps/oll/cavesofgallet_97.asset using Guid(ef701c78550cb5e4dab3aa5b4ebbcc7c) Importer(815301076,1909f56bfc062723c751e8b465ee728b)  -> (artifact id: 'e5e973055578eac8b311bfd800c449e3') in 0.004761 seconds
Number of updated asset objects reloaded before import = 0
Number of asset objects unloaded after import = 1
========================================================================
Received Import Request.
  Time since last request: 0.000024 seconds.
  path: Assets/TileMaps/oll/cavesofgallet_96.asset
  artifactKey: Guid(657234b632b64c44f8b4c8fb1979b7c8) Importer(815301076,1909f56bfc062723c751e8b465ee728b)
Start importing Assets/TileMaps/oll/cavesofgallet_96.asset using Guid(657234b632b64c44f8b4c8fb1979b7c8) Importer(815301076,1909f56bfc062723c751e8b465ee728b)  -> (artifact id: '7f6d3eeac5a33e25faf4c4d0b0990dcb') in 0.003602 seconds
Number of updated asset objects reloaded before import = 0
Number of asset objects unloaded after import = 1
========================================================================
Received Import Request.
  Time since last request: 0.000030 seconds.
  path: Assets/TileMaps/oll/cavesofgallet_109.asset
  artifactKey: Guid(fae1c03731c3c6c46beebd732bfa1cf6) Importer(815301076,1909f56bfc062723c751e8b465ee728b)
Start importing Assets/TileMaps/oll/cavesofgallet_109.asset using Guid(fae1c03731c3c6c46beebd732bfa1cf6) Importer(815301076,1909f56bfc062723c751e8b465ee728b)  -> (artifact id: '9ec5d25de29bb93c931f27ce03cb0990') in 0.004560 seconds
Number of updated asset objects reloaded before import = 0
Number of asset objects unloaded after import = 1
========================================================================
Received Import Request.
  Time since last request: 0.000017 seconds.
  path: Assets/TileMaps/oll/cavesofgallet_115.asset
  artifactKey: Guid(25879d2087c2d50489bb73b76dcf6254) Importer(815301076,1909f56bfc062723c751e8b465ee728b)
Start importing Assets/TileMaps/oll/cavesofgallet_115.asset using Guid(25879d2087c2d50489bb73b76dcf6254) Importer(815301076,1909f56bfc062723c751e8b465ee728b)  -> (artifact id: 'a25fd7a81109fae6ead28b2e5839aa52') in 0.004610 seconds
Number of updated asset objects reloaded before import = 0
Number of asset objects unloaded after import = 1
========================================================================
Received Import Request.
  Time since last request: 0.000016 seconds.
  path: Assets/TileMaps/oll/cavesofgallet_104.asset
  artifactKey: Guid(9e3c754a6fdf63b46ac890f4a0448f91) Importer(815301076,1909f56bfc062723c751e8b465ee728b)
Start importing Assets/TileMaps/oll/cavesofgallet_104.asset using Guid(9e3c754a6fdf63b46ac890f4a0448f91) Importer(815301076,1909f56bfc062723c751e8b465ee728b)  -> (artifact id: '0bbf34ba012a688a63dcb8ff4302aa23') in 0.004717 seconds
Number of updated asset objects reloaded before import = 0
Number of asset objects unloaded after import = 1
========================================================================
Received Import Request.
  Time since last request: 0.025503 seconds.
  path: Assets/TileMaps/oll/cavesofgallet_123.asset
  artifactKey: Guid(120729ea9d803bd4eb857d86ac977dbb) Importer(815301076,1909f56bfc062723c751e8b465ee728b)
Start importing Assets/TileMaps/oll/cavesofgallet_123.asset using Guid(120729ea9d803bd4eb857d86ac977dbb) Importer(815301076,1909f56bfc062723c751e8b465ee728b)  -> (artifact id: '7be50a36f5d0ca9ee356ed6b83552df6') in 0.004685 seconds
Number of updated asset objects reloaded before import = 0
Number of asset objects unloaded after import = 1
========================================================================
Received Import Request.
  Time since last request: 0.000015 seconds.
  path: Assets/TileMaps/oll/cavesofgallet_126.asset
  artifactKey: Guid(8a18007e0af03e844a3eeadf231ded4c) Importer(815301076,1909f56bfc062723c751e8b465ee728b)
Start importing Assets/TileMaps/oll/cavesofgallet_126.asset using Guid(8a18007e0af03e844a3eeadf231ded4c) Importer(815301076,1909f56bfc062723c751e8b465ee728b)  -> (artifact id: 'd6965ebfa84a9e3422cdd4f40f2814fd') in 0.004481 seconds
Number of updated asset objects reloaded before import = 0
Number of asset objects unloaded after import = 1
========================================================================
Received Import Request.
  Time since last request: 0.000020 seconds.
  path: Assets/TileMaps/oll/cavesofgallet_131.asset
  artifactKey: Guid(1f7e0bc94b5cb654da96a319cb2f0872) Importer(815301076,1909f56bfc062723c751e8b465ee728b)
Start importing Assets/TileMaps/oll/cavesofgallet_131.asset using Guid(1f7e0bc94b5cb654da96a319cb2f0872) Importer(815301076,1909f56bfc062723c751e8b465ee728b)  -> (artifact id: '7a47d77c9883e43d9e1b99e9b8291a38') in 0.004200 seconds
Number of updated asset objects reloaded before import = 0
Number of asset objects unloaded after import = 1
========================================================================
Received Import Request.
  Time since last request: 0.006219 seconds.
  path: Assets/TileMaps/oll/cavesofgallet_135.asset
  artifactKey: Guid(fe804bef7f17c7c469d4a520542f0919) Importer(815301076,1909f56bfc062723c751e8b465ee728b)
Start importing Assets/TileMaps/oll/cavesofgallet_135.asset using Guid(fe804bef7f17c7c469d4a520542f0919) Importer(815301076,1909f56bfc062723c751e8b465ee728b)  -> (artifact id: '192096e72759d310ead38034ec2cb171') in 0.003944 seconds
Number of updated asset objects reloaded before import = 0
Number of asset objects unloaded after import = 1
========================================================================
Received Import Request.
  Time since last request: 0.000020 seconds.
  path: Assets/TileMaps/oll/cavesofgallet_147.asset
  artifactKey: Guid(60259c467a6909747b540ce7250a301c) Importer(815301076,1909f56bfc062723c751e8b465ee728b)
Start importing Assets/TileMaps/oll/cavesofgallet_147.asset using Guid(60259c467a6909747b540ce7250a301c) Importer(815301076,1909f56bfc062723c751e8b465ee728b)  -> (artifact id: 'de40ab582cfa19a3c8eb15c161210fa5') in 0.004205 seconds
Number of updated asset objects reloaded before import = 0
Number of asset objects unloaded after import = 1
========================================================================
Received Import Request.
  Time since last request: 0.000023 seconds.
  path: Assets/TileMaps/oll/cavesofgallet_144.asset
  artifactKey: Guid(3c647c14340b90f4ea4736cdaa401712) Importer(815301076,1909f56bfc062723c751e8b465ee728b)
Start importing Assets/TileMaps/oll/cavesofgallet_144.asset using Guid(3c647c14340b90f4ea4736cdaa401712) Importer(815301076,1909f56bfc062723c751e8b465ee728b)  -> (artifact id: 'd7592fb99d27c95c135f413c2c0cf62d') in 0.003111 seconds
Number of updated asset objects reloaded before import = 0
Number of asset objects unloaded after import = 1
========================================================================
Received Import Request.
  Time since last request: 0.000024 seconds.
  path: Assets/TileMaps/oll/cavesofgallet_140.asset
  artifactKey: Guid(4420f6085326fe845bf617e6f2a08ac4) Importer(815301076,1909f56bfc062723c751e8b465ee728b)
Start importing Assets/TileMaps/oll/cavesofgallet_140.asset using Guid(4420f6085326fe845bf617e6f2a08ac4) Importer(815301076,1909f56bfc062723c751e8b465ee728b)  -> (artifact id: '0200c720f041896371a656a531fa402d') in 0.002981 seconds
Number of updated asset objects reloaded before import = 0
Number of asset objects unloaded after import = 1
========================================================================
Received Import Request.
  Time since last request: 0.020593 seconds.
  path: Assets/TileMaps/oll/cavesofgallet_167.asset
  artifactKey: Guid(4b974789344b9d94989de664fb7605c5) Importer(815301076,1909f56bfc062723c751e8b465ee728b)
Start importing Assets/TileMaps/oll/cavesofgallet_167.asset using Guid(4b974789344b9d94989de664fb7605c5) Importer(815301076,1909f56bfc062723c751e8b465ee728b)  -> (artifact id: '490021c378a0bea25510377b5552da91') in 0.003908 seconds
Number of updated asset objects reloaded before import = 0
Number of asset objects unloaded after import = 1
========================================================================
Received Import Request.
  Time since last request: 0.000021 seconds.
  path: Assets/TileMaps/oll/cavesofgallet_173.asset
  artifactKey: Guid(ed8db99db26e60e4eb6aeb751d0b71ed) Importer(815301076,1909f56bfc062723c751e8b465ee728b)
Start importing Assets/TileMaps/oll/cavesofgallet_173.asset using Guid(ed8db99db26e60e4eb6aeb751d0b71ed) Importer(815301076,1909f56bfc062723c751e8b465ee728b)  -> (artifact id: '900964cd18d6f23a96d07341140b73b8') in 0.004945 seconds
Number of updated asset objects reloaded before import = 0
Number of asset objects unloaded after import = 1
========================================================================
Received Import Request.
  Time since last request: 0.000030 seconds.
  path: Assets/TileMaps/oll/cavesofgallet_180.asset
  artifactKey: Guid(a2564e792fb54db4ea315b2e7235be3d) Importer(815301076,1909f56bfc062723c751e8b465ee728b)
Start importing Assets/TileMaps/oll/cavesofgallet_180.asset using Guid(a2564e792fb54db4ea315b2e7235be3d) Importer(815301076,1909f56bfc062723c751e8b465ee728b)  -> (artifact id: '1e97120682e6d66a0b097307cc376016') in 0.003847 seconds
Number of updated asset objects reloaded before import = 0
Number of asset objects unloaded after import = 1
========================================================================
Received Import Request.
  Time since last request: 0.000019 seconds.
  path: Assets/TileMaps/oll/cavesofgallet_174.asset
  artifactKey: Guid(94a5f65787f250943bf0c6df325649bf) Importer(815301076,1909f56bfc062723c751e8b465ee728b)
Start importing Assets/TileMaps/oll/cavesofgallet_174.asset using Guid(94a5f65787f250943bf0c6df325649bf) Importer(815301076,1909f56bfc062723c751e8b465ee728b)  -> (artifact id: 'de686044922fed77edf619b7a58124ee') in 0.003998 seconds
Number of updated asset objects reloaded before import = 0
Number of asset objects unloaded after import = 1
========================================================================
Received Import Request.
  Time since last request: 0.030614 seconds.
  path: Assets/TileMaps/oll/cavesofgallet_213.asset
  artifactKey: Guid(63dc00982d25d324b8217e7e59a31dcd) Importer(815301076,1909f56bfc062723c751e8b465ee728b)
Start importing Assets/TileMaps/oll/cavesofgallet_213.asset using Guid(63dc00982d25d324b8217e7e59a31dcd) Importer(815301076,1909f56bfc062723c751e8b465ee728b)  -> (artifact id: 'fb20c33eef1064e1854659822e6712e4') in 0.005000 seconds
Number of updated asset objects reloaded before import = 0
Number of asset objects unloaded after import = 1
========================================================================
Received Import Request.
  Time since last request: 0.000034 seconds.
  path: Assets/TileMaps/oll/cavesofgallet_219.asset
  artifactKey: Guid(18ff1ce4343d7bd4cb1176f2607cfe2c) Importer(815301076,1909f56bfc062723c751e8b465ee728b)
Start importing Assets/TileMaps/oll/cavesofgallet_219.asset using Guid(18ff1ce4343d7bd4cb1176f2607cfe2c) Importer(815301076,1909f56bfc062723c751e8b465ee728b)  -> (artifact id: '1f85bf3c9d46c00ebbd78ba397258096') in 0.005374 seconds
Number of updated asset objects reloaded before import = 0
Number of asset objects unloaded after import = 1
========================================================================
Received Import Request.
  Time since last request: 0.000023 seconds.
  path: Assets/TileMaps/oll/cavesofgallet_217.asset
  artifactKey: Guid(133c62d3cea294a4d85032fff6e749b8) Importer(815301076,1909f56bfc062723c751e8b465ee728b)
Start importing Assets/TileMaps/oll/cavesofgallet_217.asset using Guid(133c62d3cea294a4d85032fff6e749b8) Importer(815301076,1909f56bfc062723c751e8b465ee728b)  -> (artifact id: 'd2bc9cfa8da13478bfa65d63bec5e835') in 0.004705 seconds
Number of updated asset objects reloaded before import = 0
Number of asset objects unloaded after import = 1
========================================================================
Received Import Request.
  Time since last request: 0.000022 seconds.
  path: Assets/TileMaps/oll/cavesofgallet_215.asset
  artifactKey: Guid(26c20b5794858e742b7de9ec6594774b) Importer(815301076,1909f56bfc062723c751e8b465ee728b)
Start importing Assets/TileMaps/oll/cavesofgallet_215.asset using Guid(26c20b5794858e742b7de9ec6594774b) Importer(815301076,1909f56bfc062723c751e8b465ee728b)  -> (artifact id: '0ffea3441044316f413bee54c31ae478') in 0.004314 seconds
Number of updated asset objects reloaded before import = 0
Number of asset objects unloaded after import = 1
========================================================================
Received Import Request.
  Time since last request: 0.000019 seconds.
  path: Assets/TileMaps/oll/cavesofgallet_238.asset
  artifactKey: Guid(f68d7f835e271764990a1c2234837c46) Importer(815301076,1909f56bfc062723c751e8b465ee728b)
Start importing Assets/TileMaps/oll/cavesofgallet_238.asset using Guid(f68d7f835e271764990a1c2234837c46) Importer(815301076,1909f56bfc062723c751e8b465ee728b)  -> (artifact id: '4c3041b0e3d8f77aeec9de456271c5ae') in 0.004560 seconds
Number of updated asset objects reloaded before import = 0
Number of asset objects unloaded after import = 1
========================================================================
Received Import Request.
  Time since last request: 0.000023 seconds.
  path: Assets/TileMaps/oll/cavesofgallet_216.asset
  artifactKey: Guid(d72559c71b2cac64e8ab483788e9a34a) Importer(815301076,1909f56bfc062723c751e8b465ee728b)
Start importing Assets/TileMaps/oll/cavesofgallet_216.asset using Guid(d72559c71b2cac64e8ab483788e9a34a) Importer(815301076,1909f56bfc062723c751e8b465ee728b)  -> (artifact id: '5568296e152045b1fc327f7cf98d4b1b') in 0.003821 seconds
Number of updated asset objects reloaded before import = 0
Number of asset objects unloaded after import = 1
========================================================================
Received Import Request.
  Time since last request: 0.000032 seconds.
  path: Assets/TileMaps/oll/cavesofgallet_248.asset
  artifactKey: Guid(d95bc75e41e51f64ba89231970dccb8d) Importer(815301076,1909f56bfc062723c751e8b465ee728b)
Start importing Assets/TileMaps/oll/cavesofgallet_248.asset using Guid(d95bc75e41e51f64ba89231970dccb8d) Importer(815301076,1909f56bfc062723c751e8b465ee728b)  -> (artifact id: '8ecbd2bc011c9a1afbe232b98558291b') in 0.004386 seconds
Number of updated asset objects reloaded before import = 0
Number of asset objects unloaded after import = 1
========================================================================
Received Import Request.
  Time since last request: 0.000040 seconds.
  path: Assets/TileMaps/oll/cavesofgallet_259.asset
  artifactKey: Guid(4e8c1011a4c81f545a86b49b6a7a859f) Importer(815301076,1909f56bfc062723c751e8b465ee728b)
Start importing Assets/TileMaps/oll/cavesofgallet_259.asset using Guid(4e8c1011a4c81f545a86b49b6a7a859f) Importer(815301076,1909f56bfc062723c751e8b465ee728b)  -> (artifact id: '9ffe9d39d450e72a37f0a26e572cbd8c') in 0.004431 seconds
Number of updated asset objects reloaded before import = 0
Number of asset objects unloaded after import = 1
========================================================================
Received Import Request.
  Time since last request: 0.000020 seconds.
  path: Assets/TileMaps/oll/cavesofgallet_250.asset
  artifactKey: Guid(b1341a5019efa9149a71f0f4972b05cd) Importer(815301076,1909f56bfc062723c751e8b465ee728b)
Start importing Assets/TileMaps/oll/cavesofgallet_250.asset using Guid(b1341a5019efa9149a71f0f4972b05cd) Importer(815301076,1909f56bfc062723c751e8b465ee728b)  -> (artifact id: '0af6e4fc897e1fb2423cf25cd84f3645') in 0.005251 seconds
Number of updated asset objects reloaded before import = 0
Number of asset objects unloaded after import = 1
========================================================================
Received Import Request.
  Time since last request: 0.000021 seconds.
  path: Assets/TileMaps/oll/cavesofgallet_240.asset
  artifactKey: Guid(3c527393fdfdf0e48b0c7d0a4cf5161b) Importer(815301076,1909f56bfc062723c751e8b465ee728b)
Start importing Assets/TileMaps/oll/cavesofgallet_240.asset using Guid(3c527393fdfdf0e48b0c7d0a4cf5161b) Importer(815301076,1909f56bfc062723c751e8b465ee728b)  -> (artifact id: 'e84bcbc11069531c2ee6fc19497a0141') in 0.004622 seconds
Number of updated asset objects reloaded before import = 0
Number of asset objects unloaded after import = 1
========================================================================
Received Import Request.
  Time since last request: 0.000024 seconds.
  path: Assets/TileMaps/oll/cavesofgallet_251.asset
  artifactKey: Guid(c1eca102c7183ce47aafbd3b2fae015e) Importer(815301076,1909f56bfc062723c751e8b465ee728b)
Start importing Assets/TileMaps/oll/cavesofgallet_251.asset using Guid(c1eca102c7183ce47aafbd3b2fae015e) Importer(815301076,1909f56bfc062723c751e8b465ee728b)  -> (artifact id: 'a9bd51b3e863205b42dafaccd7b86e99') in 0.002934 seconds
Number of updated asset objects reloaded before import = 0
Number of asset objects unloaded after import = 1
========================================================================
Received Prepare
Default GameObject BitMask: Bullet already registered
Refreshing native plugins compatible for Editor in 5.77 ms, found 4 plugins.
Preloading 0 native plugins for Editor in 0.00 ms.
Unloading 12 Unused Serialized files (Serialized files now loaded: 0)
Unloading 13 unused Assets / (0.9 MB). Loaded Objects now: 8597.
Memory consumption went from 137.2 MB to 136.2 MB.
Total: 6.826200 ms (FindLiveObjects: 0.781700 ms CreateObjectMapping: 0.835700 ms MarkObjects: 4.714100 ms  DeleteObjects: 0.493200 ms)

Prepare: number of updated asset objects reloaded= 0
AssetImportParameters requested are different than current active one (requested -> active):
  custom:container-demuxer-ogg: 62fdf1f143b41e24485cea50d1cbac27 -> 
  custom:framework-win-MediaFoundation: 216162199b28c13a410421893ffa2e32 -> 
  custom:container-muxer-webm: aa71ff27fc2769a1b78a27578f13a17b -> 
  custom:video-decoder-webm-vp8: 9c59270c3fd7afecdb556c50c9e8de78 -> 
  custom:SearchIndexIgnoredProperties: e643bd26f0fe6173181afceb89e7c659 -> 
  custom:AudioImporter_EditorPlatform: d09bf68614088b80899f8185d706f6e7 -> 
  custom:audio-decoder-ogg-vorbis: bf7c407c2cedff20999df2af8eb42d56 -> 
  custom:audio-encoder-webm-vorbis: bf7c407c2cedff20999df2af8eb42d56 -> 
  custom:video-codec-MediaFoundation-h265: 746d11721c4dcdbdad8f713fa42b33f4 -> 
  custom:video-decoder-ogg-theora: a1e56fd34408186e4bbccfd4996cb3dc -> 
  custom:CustomObjectIndexerAttribute: 72b91833f83ae208fae7752999fa3104 -> 
  custom:container-demuxer-webm: 4f35f7cbe854078d1ac9338744f61a02 -> 
  custom:video-encoder-webm-vp8: eb34c28f22e8b96e1ab97ce403110664 -> 
